<?xml version="1.0" encoding="UTF-8"?>
<!-- Generated by org.testng.reporters.JUnitReportReporter -->
<testsuite hostname="LAPTOP-QAPR39HJ" failures="0" tests="1" name="testNg_program.Vtiger" time="42.862" errors="0" timestamp="2023-10-09T14:16:09 IST" skipped="0">
  <testcase classname="testNg_program.Vtiger" name="login" time="42.862"/>
  <system-out/>
</testsuite> <!-- testNg_program.Vtiger -->
