<?xml version="1.0" encoding="UTF-8"?>
<!-- Generated by org.testng.reporters.JUnitReportReporter -->
<testsuite hostname="LAPTOP-QAPR39HJ" failures="0" tests="3" name="testNg_program.Example1" time="0.017" errors="0" timestamp="2023-10-05T17:13:04 IST" skipped="0">
  <testcase classname="testNg_program.Example1" name="testCase2" time="0.011"/>
  <system-out/>
  <testcase classname="testNg_program.Example1" name="testcase3" time="0.001"/>
  <system-out/>
  <testcase classname="testNg_program.Example1" name="testcase1" time="0.005"/>
  <system-out/>
</testsuite> <!-- testNg_program.Example1 -->
