<?xml version="1.0" encoding="UTF-8"?>
<!-- Generated by org.testng.reporters.JUnitReportReporter -->
<testsuite hostname="LAPTOP-QAPR39HJ" failures="0" tests="2" name="testNg_program.Sample2" time="0.022" errors="0" timestamp="2023-10-05T17:22:35 IST" skipped="0">
  <testcase classname="testNg_program.Sample2" name="loginIntoVtiger" time="0.017"/>
  <system-out/>
  <testcase classname="testNg_program.Sample2" name="leadCreation" time="0.005"/>
  <system-out/>
</testsuite> <!-- testNg_program.Sample2 -->
