<?xml version="1.0" encoding="UTF-8"?>
<!-- Generated by org.testng.reporters.JUnitReportReporter -->
<testsuite hostname="LAPTOP-QAPR39HJ" failures="0" tests="3" name="annotation.BefourMethodAfterTest" time="1.327" errors="0" timestamp="2023-10-06T15:56:55 IST" skipped="0">
  <testcase classname="annotation.BefourMethodAfterTest" name="loginCredentials" time="0.485"/>
  <system-out/>
  <testcase classname="annotation.BefourMethodAfterTest" name="UIvalitdatuion" time="0.062"/>
  <system-out/>
  <testcase classname="annotation.BefourMethodAfterTest" name="logout" time="0.780"/>
  <system-out/>
</testsuite> <!-- annotation.BefourMethodAfterTest -->
