<?xml version="1.0" encoding="UTF-8"?>
<!-- Generated by org.testng.reporters.JUnitReportReporter -->
<testsuite hostname="LAPTOP-QAPR39HJ" failures="0" tests="1" name="testNg_program.ActitimeLoginValidation" time="18.336" errors="0" timestamp="2023-10-05T16:43:20 IST" skipped="0">
  <testcase classname="testNg_program.ActitimeLoginValidation" name="testActitime_validData" time="18.336"/>
  <system-out/>
</testsuite> <!-- testNg_program.ActitimeLoginValidation -->
