<?xml version="1.0" encoding="UTF-8"?>
<!-- Generated by org.testng.reporters.JUnitReportReporter -->
<testsuite hostname="LAPTOP-QAPR39HJ" failures="0" tests="4" name="testNg_program.Sample1" time="0.018" errors="0" timestamp="2023-10-05T17:21:29 IST" skipped="1">
  <testcase classname="testNg_program.Sample1" name="leadCreation" time="0.011"/>
  <system-out/>
  <testcase classname="testNg_program.Sample1" name="loginToVtiger" time="0.005"/>
  <system-out/>
  <testcase classname="testNg_program.Sample1" name="leadDeleted" time="0.002"/>
  <system-out/>
  <testcase classname="testNg_program.Sample1" name="editLead">
    <skipped/>
  </testcase> <!-- editLead -->
  <system-out/>
</testsuite> <!-- testNg_program.Sample1 -->
