<?xml version="1.0" encoding="UTF-8"?>
<!-- Generated by org.testng.reporters.JUnitReportReporter -->
<testsuite hostname="LAPTOP-QAPR39HJ" failures="0" tests="2" name="swagdemo.SwagDemo" time="8.270" errors="0" timestamp="2023-10-09T14:17:37 IST" skipped="0">
  <testcase classname="swagdemo.SwagDemo" name="LoginCredentials" time="0.476"/>
  <system-out/>
  <testcase classname="swagdemo.SwagDemo" name="product" time="7.794"/>
  <system-out/>
</testsuite> <!-- swagdemo.SwagDemo -->
